[0.009s] Invoking command in '/home/liemtran/liem_ws/src/user_interface/build/user_interface': CMAKE_PREFIX_PATH=${CMAKE_PREFIX_PATH}:/opt/ros/humble /usr/bin/cmake /home/liemtran/liem_ws/src/user_interface -DCMAKE_INSTALL_PREFIX=/home/liemtran/liem_ws/src/user_interface/install/user_interface
[0.112s] -- The C compiler identification is GNU 11.4.0
[0.196s] -- The CXX compiler identification is GNU 11.4.0
[0.203s] -- Detecting C compiler ABI info
[0.260s] -- Detecting C compiler ABI info - done
[0.267s] -- Check for working C compiler: /usr/bin/cc - skipped
[0.267s] -- Detecting C compile features
[0.267s] -- Detecting C compile features - done
[0.270s] -- Detecting CXX compiler ABI info
[0.337s] -- Detecting CXX compiler ABI info - done
[0.341s] -- Check for working CXX compiler: /usr/bin/c++ - skipped
[0.342s] -- Detecting CXX compile features
[0.342s] -- Detecting CXX compile features - done
[0.346s] -- Found ament_cmake: 1.3.11 (/opt/ros/humble/share/ament_cmake/cmake)
[0.459s] -- Found Python3: /usr/bin/python3 (found version "3.10.12") found components: Interpreter 
[0.538s] -- Found ament_lint_auto: 0.12.12 (/opt/ros/humble/share/ament_lint_auto/cmake)
[0.598s] -- Added test 'cppcheck' to perform static code analysis on C / C++ code
[0.598s] -- Configured cppcheck include dirs: 
[0.598s] -- Configured cppcheck exclude dirs and/or files: 
[0.599s] -- Added test 'flake8' to check Python code syntax and style conventions
[0.600s] -- Added test 'lint_cmake' to check CMake code style
[0.601s] -- Added test 'pep257' to check Python code against some of the docstring style conventions in PEP 257
[0.604s] -- Added test 'uncrustify' to check C / C++ code style
[0.604s] -- Configured uncrustify additional arguments: 
[0.605s] -- Added test 'xmllint' to check XML markup files
[0.606s] -- Configuring done
[0.608s] -- Generating done
[0.608s] -- Build files have been written to: /home/liemtran/liem_ws/src/user_interface/build/user_interface
[0.611s] Invoked command in '/home/liemtran/liem_ws/src/user_interface/build/user_interface' returned '0': CMAKE_PREFIX_PATH=${CMAKE_PREFIX_PATH}:/opt/ros/humble /usr/bin/cmake /home/liemtran/liem_ws/src/user_interface -DCMAKE_INSTALL_PREFIX=/home/liemtran/liem_ws/src/user_interface/install/user_interface
[0.613s] Invoking command in '/home/liemtran/liem_ws/src/user_interface/build/user_interface': CMAKE_PREFIX_PATH=${CMAKE_PREFIX_PATH}:/opt/ros/humble /usr/bin/cmake --build /home/liemtran/liem_ws/src/user_interface/build/user_interface -- -j16 -l16
[0.644s] Invoked command in '/home/liemtran/liem_ws/src/user_interface/build/user_interface' returned '0': CMAKE_PREFIX_PATH=${CMAKE_PREFIX_PATH}:/opt/ros/humble /usr/bin/cmake --build /home/liemtran/liem_ws/src/user_interface/build/user_interface -- -j16 -l16
[0.650s] Invoking command in '/home/liemtran/liem_ws/src/user_interface/build/user_interface': CMAKE_PREFIX_PATH=${CMAKE_PREFIX_PATH}:/opt/ros/humble /usr/bin/cmake --install /home/liemtran/liem_ws/src/user_interface/build/user_interface
[0.657s] -- Install configuration: ""
[0.657s] -- Installing: /home/liemtran/liem_ws/src/user_interface/install/user_interface/share/ament_index/resource_index/package_run_dependencies/user_interface
[0.657s] -- Installing: /home/liemtran/liem_ws/src/user_interface/install/user_interface/share/ament_index/resource_index/parent_prefix_path/user_interface
[0.657s] -- Installing: /home/liemtran/liem_ws/src/user_interface/install/user_interface/share/user_interface/environment/ament_prefix_path.sh
[0.658s] -- Installing: /home/liemtran/liem_ws/src/user_interface/install/user_interface/share/user_interface/environment/ament_prefix_path.dsv
[0.658s] -- Installing: /home/liemtran/liem_ws/src/user_interface/install/user_interface/share/user_interface/environment/path.sh
[0.658s] -- Installing: /home/liemtran/liem_ws/src/user_interface/install/user_interface/share/user_interface/environment/path.dsv
[0.658s] -- Installing: /home/liemtran/liem_ws/src/user_interface/install/user_interface/share/user_interface/local_setup.bash
[0.658s] -- Installing: /home/liemtran/liem_ws/src/user_interface/install/user_interface/share/user_interface/local_setup.sh
[0.658s] -- Installing: /home/liemtran/liem_ws/src/user_interface/install/user_interface/share/user_interface/local_setup.zsh
[0.658s] -- Installing: /home/liemtran/liem_ws/src/user_interface/install/user_interface/share/user_interface/local_setup.dsv
[0.658s] -- Installing: /home/liemtran/liem_ws/src/user_interface/install/user_interface/share/user_interface/package.dsv
[0.659s] -- Installing: /home/liemtran/liem_ws/src/user_interface/install/user_interface/share/ament_index/resource_index/packages/user_interface
[0.659s] -- Installing: /home/liemtran/liem_ws/src/user_interface/install/user_interface/share/user_interface/cmake/user_interfaceConfig.cmake
[0.659s] -- Installing: /home/liemtran/liem_ws/src/user_interface/install/user_interface/share/user_interface/cmake/user_interfaceConfig-version.cmake
[0.659s] -- Installing: /home/liemtran/liem_ws/src/user_interface/install/user_interface/share/user_interface/package.xml
[0.661s] Invoked command in '/home/liemtran/liem_ws/src/user_interface/build/user_interface' returned '0': CMAKE_PREFIX_PATH=${CMAKE_PREFIX_PATH}:/opt/ros/humble /usr/bin/cmake --install /home/liemtran/liem_ws/src/user_interface/build/user_interface
