[0.094s] DEBUG:colcon:Command line arguments: ['/usr/bin/colcon', 'build']
[0.094s] DEBUG:colcon:Parsed command line arguments: Namespace(log_base=None, log_level=None, verb_name='build', build_base='build', install_base='install', merge_install=False, symlink_install=False, test_result_base=None, continue_on_error=False, executor='parallel', parallel_workers=16, event_handlers=None, ignore_user_meta=False, metas=['./colcon.meta'], base_paths=['.'], packages_ignore=None, packages_ignore_regex=None, paths=None, packages_up_to=None, packages_up_to_regex=None, packages_above=None, packages_above_and_dependencies=None, packages_above_depth=None, packages_select_by_dep=None, packages_skip_by_dep=None, packages_skip_up_to=None, packages_select_build_failed=False, packages_skip_build_finished=False, packages_select_test_failures=False, packages_skip_test_passed=False, packages_select=None, packages_skip=None, packages_select_regex=None, packages_skip_regex=None, packages_start=None, packages_end=None, allow_overriding=[], cmake_args=None, cmake_target=None, cmake_target_skip_unavailable=False, cmake_clean_cache=False, cmake_clean_first=False, cmake_force_configure=False, ament_cmake_args=None, catkin_cmake_args=None, catkin_skip_building_tests=False, mixin_files=None, mixin=None, verb_parser=<colcon_mixin.mixin.mixin_argument.MixinArgumentDecorator object at 0x7cbd4b48c370>, verb_extension=<colcon_core.verb.build.BuildVerb object at 0x7cbd4b40a830>, main=<bound method BuildVerb.main of <colcon_core.verb.build.BuildVerb object at 0x7cbd4b40a830>>, mixin_verb=('build',))
[0.195s] Level 1:colcon.colcon_core.package_discovery:discover_packages(colcon_meta) check parameters
[0.195s] Level 1:colcon.colcon_core.package_discovery:discover_packages(recursive) check parameters
[0.195s] Level 1:colcon.colcon_core.package_discovery:discover_packages(ignore) check parameters
[0.195s] Level 1:colcon.colcon_core.package_discovery:discover_packages(path) check parameters
[0.195s] Level 1:colcon.colcon_core.package_discovery:discover_packages(colcon_meta) discover
[0.195s] Level 1:colcon.colcon_core.package_discovery:discover_packages(recursive) discover
[0.195s] INFO:colcon.colcon_core.package_discovery:Crawling recursively for packages in '/home/liemtran/liem_ws/src/nhatbot_twist_teleop'
[0.195s] Level 1:colcon.colcon_core.package_identification:_identify(.) by extensions ['ignore', 'ignore_ament_install']
[0.195s] Level 1:colcon.colcon_core.package_identification:_identify(.) by extension 'ignore'
[0.196s] Level 1:colcon.colcon_core.package_identification:_identify(.) by extension 'ignore_ament_install'
[0.196s] Level 1:colcon.colcon_core.package_identification:_identify(.) by extensions ['colcon_pkg']
[0.196s] Level 1:colcon.colcon_core.package_identification:_identify(.) by extension 'colcon_pkg'
[0.196s] Level 1:colcon.colcon_core.package_identification:_identify(.) by extensions ['colcon_meta']
[0.196s] Level 1:colcon.colcon_core.package_identification:_identify(.) by extension 'colcon_meta'
[0.196s] Level 1:colcon.colcon_core.package_identification:_identify(.) by extensions ['ros']
[0.196s] Level 1:colcon.colcon_core.package_identification:_identify(.) by extension 'ros'
[0.210s] DEBUG:colcon.colcon_core.package_identification:Package '.' with type 'ros.ament_cmake' and name 'nhatbot_twist_teleop'
[0.210s] Level 1:colcon.colcon_core.package_discovery:discover_packages(recursive) using defaults
[0.210s] Level 1:colcon.colcon_core.package_discovery:discover_packages(ignore) discover
[0.210s] Level 1:colcon.colcon_core.package_discovery:discover_packages(ignore) using defaults
[0.210s] Level 1:colcon.colcon_core.package_discovery:discover_packages(path) discover
[0.210s] Level 1:colcon.colcon_core.package_discovery:discover_packages(path) using defaults
[0.222s] Level 1:colcon.colcon_core.package_discovery:discover_packages(prefix_path) check parameters
[0.222s] Level 1:colcon.colcon_core.package_discovery:discover_packages(prefix_path) discover
[0.223s] DEBUG:colcon.colcon_installed_package_information.package_discovery:Found 14 installed packages in /home/liemtran/liem_ws/install
[0.224s] DEBUG:colcon.colcon_installed_package_information.package_discovery:Found 395 installed packages in /opt/ros/humble
[0.225s] Level 1:colcon.colcon_core.package_discovery:discover_packages(prefix_path) using defaults
[0.251s] Level 5:colcon.colcon_core.verb:set package 'nhatbot_twist_teleop' build argument 'cmake_args' from command line to 'None'
[0.251s] Level 5:colcon.colcon_core.verb:set package 'nhatbot_twist_teleop' build argument 'cmake_target' from command line to 'None'
[0.251s] Level 5:colcon.colcon_core.verb:set package 'nhatbot_twist_teleop' build argument 'cmake_target_skip_unavailable' from command line to 'False'
[0.251s] Level 5:colcon.colcon_core.verb:set package 'nhatbot_twist_teleop' build argument 'cmake_clean_cache' from command line to 'False'
[0.251s] Level 5:colcon.colcon_core.verb:set package 'nhatbot_twist_teleop' build argument 'cmake_clean_first' from command line to 'False'
[0.251s] Level 5:colcon.colcon_core.verb:set package 'nhatbot_twist_teleop' build argument 'cmake_force_configure' from command line to 'False'
[0.251s] Level 5:colcon.colcon_core.verb:set package 'nhatbot_twist_teleop' build argument 'ament_cmake_args' from command line to 'None'
[0.251s] Level 5:colcon.colcon_core.verb:set package 'nhatbot_twist_teleop' build argument 'catkin_cmake_args' from command line to 'None'
[0.251s] Level 5:colcon.colcon_core.verb:set package 'nhatbot_twist_teleop' build argument 'catkin_skip_building_tests' from command line to 'False'
[0.251s] DEBUG:colcon.colcon_core.verb:Building package 'nhatbot_twist_teleop' with the following arguments: {'ament_cmake_args': None, 'build_base': '/home/liemtran/liem_ws/src/nhatbot_twist_teleop/build/nhatbot_twist_teleop', 'catkin_cmake_args': None, 'catkin_skip_building_tests': False, 'cmake_args': None, 'cmake_clean_cache': False, 'cmake_clean_first': False, 'cmake_force_configure': False, 'cmake_target': None, 'cmake_target_skip_unavailable': False, 'install_base': '/home/liemtran/liem_ws/src/nhatbot_twist_teleop/install/nhatbot_twist_teleop', 'merge_install': False, 'path': '/home/liemtran/liem_ws/src/nhatbot_twist_teleop', 'symlink_install': False, 'test_result_base': None}
[0.251s] INFO:colcon.colcon_core.executor:Executing jobs using 'parallel' executor
[0.252s] DEBUG:colcon.colcon_parallel_executor.executor.parallel:run_until_complete
[0.252s] INFO:colcon.colcon_ros.task.ament_cmake.build:Building ROS package in '/home/liemtran/liem_ws/src/nhatbot_twist_teleop' with build type 'ament_cmake'
[0.252s] INFO:colcon.colcon_cmake.task.cmake.build:Building CMake package in '/home/liemtran/liem_ws/src/nhatbot_twist_teleop'
[0.253s] INFO:colcon.colcon_core.plugin_system:Skipping extension 'colcon_core.shell.bat': Not used on non-Windows systems
[0.253s] INFO:colcon.colcon_core.shell:Skip shell extension 'powershell' for command environment: Not usable outside of PowerShell
[0.253s] DEBUG:colcon.colcon_core.shell:Skip shell extension 'dsv' for command environment
[0.260s] DEBUG:colcon.colcon_core.event_handler.log_command:Invoking command in '/home/liemtran/liem_ws/src/nhatbot_twist_teleop/build/nhatbot_twist_teleop': CMAKE_PREFIX_PATH=${CMAKE_PREFIX_PATH}:/opt/ros/humble /usr/bin/cmake /home/liemtran/liem_ws/src/nhatbot_twist_teleop -DCMAKE_INSTALL_PREFIX=/home/liemtran/liem_ws/src/nhatbot_twist_teleop/install/nhatbot_twist_teleop
[1.226s] DEBUG:colcon.colcon_core.event_handler.log_command:Invoked command in '/home/liemtran/liem_ws/src/nhatbot_twist_teleop/build/nhatbot_twist_teleop' returned '0': CMAKE_PREFIX_PATH=${CMAKE_PREFIX_PATH}:/opt/ros/humble /usr/bin/cmake /home/liemtran/liem_ws/src/nhatbot_twist_teleop -DCMAKE_INSTALL_PREFIX=/home/liemtran/liem_ws/src/nhatbot_twist_teleop/install/nhatbot_twist_teleop
[1.226s] DEBUG:colcon.colcon_core.event_handler.log_command:Invoking command in '/home/liemtran/liem_ws/src/nhatbot_twist_teleop/build/nhatbot_twist_teleop': CMAKE_PREFIX_PATH=${CMAKE_PREFIX_PATH}:/opt/ros/humble /usr/bin/cmake --build /home/liemtran/liem_ws/src/nhatbot_twist_teleop/build/nhatbot_twist_teleop -- -j16 -l16
[8.908s] DEBUG:colcon.colcon_core.event_handler.log_command:Invoked command in '/home/liemtran/liem_ws/src/nhatbot_twist_teleop/build/nhatbot_twist_teleop' returned '0': CMAKE_PREFIX_PATH=${CMAKE_PREFIX_PATH}:/opt/ros/humble /usr/bin/cmake --build /home/liemtran/liem_ws/src/nhatbot_twist_teleop/build/nhatbot_twist_teleop -- -j16 -l16
[8.917s] DEBUG:colcon.colcon_core.event_handler.log_command:Invoking command in '/home/liemtran/liem_ws/src/nhatbot_twist_teleop/build/nhatbot_twist_teleop': CMAKE_PREFIX_PATH=${CMAKE_PREFIX_PATH}:/opt/ros/humble /usr/bin/cmake --install /home/liemtran/liem_ws/src/nhatbot_twist_teleop/build/nhatbot_twist_teleop
[8.930s] Level 1:colcon.colcon_core.environment:create_environment_scripts_only(nhatbot_twist_teleop)
[8.930s] DEBUG:colcon.colcon_core.event_handler.log_command:Invoked command in '/home/liemtran/liem_ws/src/nhatbot_twist_teleop/build/nhatbot_twist_teleop' returned '0': CMAKE_PREFIX_PATH=${CMAKE_PREFIX_PATH}:/opt/ros/humble /usr/bin/cmake --install /home/liemtran/liem_ws/src/nhatbot_twist_teleop/build/nhatbot_twist_teleop
[8.932s] Level 1:colcon.colcon_core.environment:checking '/home/liemtran/liem_ws/src/nhatbot_twist_teleop/install/nhatbot_twist_teleop' for CMake module files
[8.932s] Level 1:colcon.colcon_core.environment:checking '/home/liemtran/liem_ws/src/nhatbot_twist_teleop/install/nhatbot_twist_teleop' for CMake config files
[8.932s] Level 1:colcon.colcon_core.shell:create_environment_hook('nhatbot_twist_teleop', 'cmake_prefix_path')
[8.933s] INFO:colcon.colcon_core.shell:Creating environment hook '/home/liemtran/liem_ws/src/nhatbot_twist_teleop/install/nhatbot_twist_teleop/share/nhatbot_twist_teleop/hook/cmake_prefix_path.ps1'
[8.933s] INFO:colcon.colcon_core.shell:Creating environment descriptor '/home/liemtran/liem_ws/src/nhatbot_twist_teleop/install/nhatbot_twist_teleop/share/nhatbot_twist_teleop/hook/cmake_prefix_path.dsv'
[8.933s] INFO:colcon.colcon_core.shell:Creating environment hook '/home/liemtran/liem_ws/src/nhatbot_twist_teleop/install/nhatbot_twist_teleop/share/nhatbot_twist_teleop/hook/cmake_prefix_path.sh'
[8.934s] Level 1:colcon.colcon_core.environment:checking '/home/liemtran/liem_ws/src/nhatbot_twist_teleop/install/nhatbot_twist_teleop/lib'
[8.934s] Level 1:colcon.colcon_core.environment:checking '/home/liemtran/liem_ws/src/nhatbot_twist_teleop/install/nhatbot_twist_teleop/bin'
[8.934s] Level 1:colcon.colcon_core.environment:checking '/home/liemtran/liem_ws/src/nhatbot_twist_teleop/install/nhatbot_twist_teleop/lib/pkgconfig/nhatbot_twist_teleop.pc'
[8.934s] Level 1:colcon.colcon_core.environment:checking '/home/liemtran/liem_ws/src/nhatbot_twist_teleop/install/nhatbot_twist_teleop/lib/python3.10/site-packages'
[8.934s] Level 1:colcon.colcon_core.environment:checking '/home/liemtran/liem_ws/src/nhatbot_twist_teleop/install/nhatbot_twist_teleop/bin'
[8.934s] INFO:colcon.colcon_core.shell:Creating package script '/home/liemtran/liem_ws/src/nhatbot_twist_teleop/install/nhatbot_twist_teleop/share/nhatbot_twist_teleop/package.ps1'
[8.935s] INFO:colcon.colcon_core.shell:Creating package descriptor '/home/liemtran/liem_ws/src/nhatbot_twist_teleop/install/nhatbot_twist_teleop/share/nhatbot_twist_teleop/package.dsv'
[8.935s] INFO:colcon.colcon_core.shell:Creating package script '/home/liemtran/liem_ws/src/nhatbot_twist_teleop/install/nhatbot_twist_teleop/share/nhatbot_twist_teleop/package.sh'
[8.935s] INFO:colcon.colcon_core.shell:Creating package script '/home/liemtran/liem_ws/src/nhatbot_twist_teleop/install/nhatbot_twist_teleop/share/nhatbot_twist_teleop/package.bash'
[8.936s] INFO:colcon.colcon_core.shell:Creating package script '/home/liemtran/liem_ws/src/nhatbot_twist_teleop/install/nhatbot_twist_teleop/share/nhatbot_twist_teleop/package.zsh'
[8.937s] Level 1:colcon.colcon_core.environment:create_file_with_runtime_dependencies(/home/liemtran/liem_ws/src/nhatbot_twist_teleop/install/nhatbot_twist_teleop/share/colcon-core/packages/nhatbot_twist_teleop)
[8.937s] Level 1:colcon.colcon_core.environment:create_environment_scripts_only(nhatbot_twist_teleop)
[8.937s] Level 1:colcon.colcon_core.environment:checking '/home/liemtran/liem_ws/src/nhatbot_twist_teleop/install/nhatbot_twist_teleop' for CMake module files
[8.938s] Level 1:colcon.colcon_core.environment:checking '/home/liemtran/liem_ws/src/nhatbot_twist_teleop/install/nhatbot_twist_teleop' for CMake config files
[8.938s] Level 1:colcon.colcon_core.shell:create_environment_hook('nhatbot_twist_teleop', 'cmake_prefix_path')
[8.938s] INFO:colcon.colcon_core.shell:Creating environment hook '/home/liemtran/liem_ws/src/nhatbot_twist_teleop/install/nhatbot_twist_teleop/share/nhatbot_twist_teleop/hook/cmake_prefix_path.ps1'
[8.939s] INFO:colcon.colcon_core.shell:Creating environment descriptor '/home/liemtran/liem_ws/src/nhatbot_twist_teleop/install/nhatbot_twist_teleop/share/nhatbot_twist_teleop/hook/cmake_prefix_path.dsv'
[8.939s] INFO:colcon.colcon_core.shell:Creating environment hook '/home/liemtran/liem_ws/src/nhatbot_twist_teleop/install/nhatbot_twist_teleop/share/nhatbot_twist_teleop/hook/cmake_prefix_path.sh'
[8.940s] Level 1:colcon.colcon_core.environment:checking '/home/liemtran/liem_ws/src/nhatbot_twist_teleop/install/nhatbot_twist_teleop/lib'
[8.940s] Level 1:colcon.colcon_core.environment:checking '/home/liemtran/liem_ws/src/nhatbot_twist_teleop/install/nhatbot_twist_teleop/bin'
[8.940s] Level 1:colcon.colcon_core.environment:checking '/home/liemtran/liem_ws/src/nhatbot_twist_teleop/install/nhatbot_twist_teleop/lib/pkgconfig/nhatbot_twist_teleop.pc'
[8.940s] Level 1:colcon.colcon_core.environment:checking '/home/liemtran/liem_ws/src/nhatbot_twist_teleop/install/nhatbot_twist_teleop/lib/python3.10/site-packages'
[8.940s] Level 1:colcon.colcon_core.environment:checking '/home/liemtran/liem_ws/src/nhatbot_twist_teleop/install/nhatbot_twist_teleop/bin'
[8.940s] INFO:colcon.colcon_core.shell:Creating package script '/home/liemtran/liem_ws/src/nhatbot_twist_teleop/install/nhatbot_twist_teleop/share/nhatbot_twist_teleop/package.ps1'
[8.941s] INFO:colcon.colcon_core.shell:Creating package descriptor '/home/liemtran/liem_ws/src/nhatbot_twist_teleop/install/nhatbot_twist_teleop/share/nhatbot_twist_teleop/package.dsv'
[8.941s] INFO:colcon.colcon_core.shell:Creating package script '/home/liemtran/liem_ws/src/nhatbot_twist_teleop/install/nhatbot_twist_teleop/share/nhatbot_twist_teleop/package.sh'
[8.942s] INFO:colcon.colcon_core.shell:Creating package script '/home/liemtran/liem_ws/src/nhatbot_twist_teleop/install/nhatbot_twist_teleop/share/nhatbot_twist_teleop/package.bash'
[8.942s] INFO:colcon.colcon_core.shell:Creating package script '/home/liemtran/liem_ws/src/nhatbot_twist_teleop/install/nhatbot_twist_teleop/share/nhatbot_twist_teleop/package.zsh'
[8.942s] Level 1:colcon.colcon_core.environment:create_file_with_runtime_dependencies(/home/liemtran/liem_ws/src/nhatbot_twist_teleop/install/nhatbot_twist_teleop/share/colcon-core/packages/nhatbot_twist_teleop)
[8.942s] DEBUG:colcon.colcon_parallel_executor.executor.parallel:closing loop
[8.942s] DEBUG:colcon.colcon_parallel_executor.executor.parallel:loop closed
[8.942s] DEBUG:colcon.colcon_parallel_executor.executor.parallel:run_until_complete finished with '0'
[8.942s] DEBUG:colcon.colcon_core.event_reactor:joining thread
[8.945s] INFO:colcon.colcon_core.plugin_system:Skipping extension 'colcon_notification.desktop_notification.terminal_notifier': Not used on non-Darwin systems
[8.945s] INFO:colcon.colcon_core.plugin_system:Skipping extension 'colcon_notification.desktop_notification.win32': Not used on non-Windows systems
[8.946s] INFO:colcon.colcon_notification.desktop_notification:Sending desktop notification using 'notify2'
[8.954s] DEBUG:colcon.colcon_core.event_reactor:joined thread
[8.955s] INFO:colcon.colcon_core.shell:Creating prefix script '/home/liemtran/liem_ws/src/nhatbot_twist_teleop/install/local_setup.ps1'
[8.955s] INFO:colcon.colcon_core.shell:Creating prefix util module '/home/liemtran/liem_ws/src/nhatbot_twist_teleop/install/_local_setup_util_ps1.py'
[8.956s] INFO:colcon.colcon_core.shell:Creating prefix chain script '/home/liemtran/liem_ws/src/nhatbot_twist_teleop/install/setup.ps1'
[8.957s] INFO:colcon.colcon_core.shell:Creating prefix script '/home/liemtran/liem_ws/src/nhatbot_twist_teleop/install/local_setup.sh'
[8.957s] INFO:colcon.colcon_core.shell:Creating prefix util module '/home/liemtran/liem_ws/src/nhatbot_twist_teleop/install/_local_setup_util_sh.py'
[8.957s] INFO:colcon.colcon_core.shell:Creating prefix chain script '/home/liemtran/liem_ws/src/nhatbot_twist_teleop/install/setup.sh'
[8.958s] INFO:colcon.colcon_core.shell:Creating prefix script '/home/liemtran/liem_ws/src/nhatbot_twist_teleop/install/local_setup.bash'
[8.959s] INFO:colcon.colcon_core.shell:Creating prefix chain script '/home/liemtran/liem_ws/src/nhatbot_twist_teleop/install/setup.bash'
[8.960s] INFO:colcon.colcon_core.shell:Creating prefix script '/home/liemtran/liem_ws/src/nhatbot_twist_teleop/install/local_setup.zsh'
[8.960s] INFO:colcon.colcon_core.shell:Creating prefix chain script '/home/liemtran/liem_ws/src/nhatbot_twist_teleop/install/setup.zsh'
